01:00:51.462 [background-preinit] INFO  o.h.v.i.util.Version - [<clinit>,21] - HV000001: Hibernate Validator 6.2.3.Final
01:00:51.909 [main] INFO  c.a.n.c.r.client - [lambda$createClient$0,80] - [RpcClientFactory] create a new rpc client of 785528b6-b241-44b4-b151-3e295a9e2363_config-0
01:00:51.946 [main] INFO  o.r.Reflections - [scan,232] - Reflections took 24 ms to scan 1 urls, producing 3 keys and 6 values 
01:00:51.975 [main] INFO  o.r.Reflections - [scan,232] - Reflections took 13 ms to scan 1 urls, producing 4 keys and 9 values 
01:00:51.987 [main] INFO  o.r.Reflections - [scan,232] - Reflections took 10 ms to scan 1 urls, producing 3 keys and 10 values 
01:00:52.152 [main] INFO  o.r.Reflections - [scan,232] - Reflections took 163 ms to scan 183 urls, producing 0 keys and 0 values 
01:00:52.162 [main] INFO  o.r.Reflections - [scan,232] - Reflections took 10 ms to scan 1 urls, producing 1 keys and 5 values 
01:00:52.173 [main] INFO  o.r.Reflections - [scan,232] - Reflections took 9 ms to scan 1 urls, producing 1 keys and 7 values 
01:00:52.186 [main] INFO  o.r.Reflections - [scan,232] - Reflections took 11 ms to scan 1 urls, producing 2 keys and 8 values 
01:00:52.308 [main] INFO  o.r.Reflections - [scan,232] - Reflections took 120 ms to scan 183 urls, producing 0 keys and 0 values 
01:00:52.312 [main] INFO  c.a.n.c.r.client - [printIfInfoEnabled,60] - [785528b6-b241-44b4-b151-3e295a9e2363_config-0] RpcClient init label, labels = {module=config, Vipserver-Tag=null, source=sdk, Amory-Tag=null, Location-Tag=null, taskId=0, AppName=unknown}
01:00:52.313 [main] INFO  c.a.n.c.r.client - [printIfInfoEnabled,60] - [785528b6-b241-44b4-b151-3e295a9e2363_config-0] Register server push request handler:com.alibaba.nacos.client.config.impl.ClientWorker$ConfigRpcTransportClient$$Lambda$332/157004450
01:00:52.313 [main] INFO  c.a.n.c.r.client - [printIfInfoEnabled,60] - [785528b6-b241-44b4-b151-3e295a9e2363_config-0] Register server push request handler:com.alibaba.nacos.client.config.impl.ClientWorker$ConfigRpcTransportClient$$Lambda$333/1188390859
01:00:52.314 [main] INFO  c.a.n.c.r.client - [printIfInfoEnabled,60] - [785528b6-b241-44b4-b151-3e295a9e2363_config-0] Registry connection listener to current client:com.alibaba.nacos.client.config.impl.ClientWorker$ConfigRpcTransportClient$1
01:00:52.314 [main] INFO  c.a.n.c.r.client - [printIfInfoEnabled,60] - [785528b6-b241-44b4-b151-3e295a9e2363_config-0] RpcClient init, ServerListFactory = com.alibaba.nacos.client.config.impl.ClientWorker$ConfigRpcTransportClient$2
01:00:52.319 [main] INFO  c.a.n.c.r.client - [printIfInfoEnabled,60] - [785528b6-b241-44b4-b151-3e295a9e2363_config-0] Try to connect to server on start up, server: {serverIp = 'localhost', server main port = 8848}
01:00:52.695 [main] INFO  c.a.n.c.r.client - [printIfInfoEnabled,60] - [785528b6-b241-44b4-b151-3e295a9e2363_config-0] Try to connect to server on start up, server: {serverIp = 'localhost', server main port = 8848}
01:00:52.702 [main] INFO  c.a.n.c.r.client - [printIfInfoEnabled,60] - [785528b6-b241-44b4-b151-3e295a9e2363_config-0] Try to connect to server on start up, server: {serverIp = 'localhost', server main port = 8848}
01:00:52.707 [com.alibaba.nacos.client.remote.worker] INFO  c.a.n.c.r.client - [printIfInfoEnabled,60] - [785528b6-b241-44b4-b151-3e295a9e2363_config-0] Try to reconnect to a new server, server is  not appointed, will choose a random server.
01:00:52.708 [main] INFO  c.a.n.c.r.client - [printIfInfoEnabled,60] - [785528b6-b241-44b4-b151-3e295a9e2363_config-0] Register server push request handler:com.alibaba.nacos.common.remote.client.RpcClient$ConnectResetRequestHandler
01:00:52.708 [main] INFO  c.a.n.c.r.client - [printIfInfoEnabled,60] - [785528b6-b241-44b4-b151-3e295a9e2363_config-0] Register server push request handler:com.alibaba.nacos.common.remote.client.RpcClient$$Lambda$342/1603729058
01:00:52.822 [com.alibaba.nacos.client.remote.worker] INFO  c.a.n.c.r.client - [printIfInfoEnabled,60] - [785528b6-b241-44b4-b151-3e295a9e2363_config-0] Fail to connect server, after trying 1 times, last try server is {serverIp = 'localhost', server main port = 8848}, error = unknown
01:00:53.029 [com.alibaba.nacos.client.remote.worker] INFO  c.a.n.c.r.client - [printIfInfoEnabled,60] - [785528b6-b241-44b4-b151-3e295a9e2363_config-0] Fail to connect server, after trying 2 times, last try server is {serverIp = 'localhost', server main port = 8848}, error = unknown
01:00:53.336 [com.alibaba.nacos.client.remote.worker] INFO  c.a.n.c.r.client - [printIfInfoEnabled,60] - [785528b6-b241-44b4-b151-3e295a9e2363_config-0] Fail to connect server, after trying 3 times, last try server is {serverIp = 'localhost', server main port = 8848}, error = unknown
01:00:53.742 [com.alibaba.nacos.client.remote.worker] INFO  c.a.n.c.r.client - [printIfInfoEnabled,60] - [785528b6-b241-44b4-b151-3e295a9e2363_config-0] Fail to connect server, after trying 4 times, last try server is {serverIp = 'localhost', server main port = 8848}, error = unknown
01:00:54.251 [com.alibaba.nacos.client.remote.worker] INFO  c.a.n.c.r.client - [printIfInfoEnabled,60] - [785528b6-b241-44b4-b151-3e295a9e2363_config-0] Fail to connect server, after trying 5 times, last try server is {serverIp = 'localhost', server main port = 8848}, error = unknown
01:00:54.354 [main] INFO  c.s.a.AuthApplication - [logStartupProfileInfo,646] - The following 1 profile is active: "dev"
01:00:54.858 [com.alibaba.nacos.client.remote.worker] INFO  c.a.n.c.r.client - [printIfInfoEnabled,60] - [785528b6-b241-44b4-b151-3e295a9e2363_config-0] Fail to connect server, after trying 6 times, last try server is {serverIp = 'localhost', server main port = 8848}, error = unknown
01:00:55.567 [com.alibaba.nacos.client.remote.worker] INFO  c.a.n.c.r.client - [printIfInfoEnabled,60] - [785528b6-b241-44b4-b151-3e295a9e2363_config-0] Fail to connect server, after trying 7 times, last try server is {serverIp = 'localhost', server main port = 8848}, error = unknown
